#
# A fatal error has been detected by the Java Runtime Environment:
#
#  EXCEPTION_ACCESS_VIOLATION (0xc0000005) at pc=0x0000000000000000, pid=10780, tid=0x00000000000021ec
#
# JRE version: Java(TM) SE Runtime Environment (8.0_101-b13) (build 1.8.0_101-b13)
# Java VM: Java HotSpot(TM) 64-Bit Server VM (25.101-b13 mixed mode windows-amd64 compressed oops)
# Problematic frame:
# C  0x0000000000000000
#
# Failed to write core dump. Minidumps are not enabled by default on client versions of Windows
#
# If you would like to submit a bug report, please visit:
#   http://bugreport.java.com/bugreport/crash.jsp
#

---------------  T H R E A D  ---------------

Current thread (0x000000001e1bd800):  JavaThread "C1 CompilerThread3" daemon [_thread_in_native, id=8684, stack(0x000000001ed40000,0x000000001ee40000)]

siginfo: ExceptionCode=0xc0000005, ExceptionInformation=0x0000000000000008 0x0000000000000000

Registers:
RAX=0x000000006a2267d8, RBX=0x000000001fa12da0, RCX=0x000000001fa12da0, RDX=0x000000001fa12da0
RSP=0x000000001ee3e9d8, RBP=0x000000001ff86880, RSI=0x000000001fa12d90, RDI=0x000000001ee3ef70
R8 =0x000000001ee3ea00, R9 =0x000000001fa12da0, R10=0x000000001e178290, R11=0x000000001fa12d90
R12=0x000000000000000f, R13=0x000000001fa12b90, R14=0x0000000000000000, R15=0x000000001fd9d500
RIP=0x0000000000000000, EFLAGS=0x0000000000010293

Top of Stack: (sp=0x000000001ee3e9d8)
0x000000001ee3e9d8:   0000000069fe4d01 000000001fa12da0
0x000000001ee3e9e8:   000000001ff86880 000000001fa12d90
0x000000001ee3e9f8:   000000001ee3ef70 000000006a22e598
0x000000001ee3ea08:   000000001fd9c7f0 000000006a22e3c8
0x000000001ee3ea18:   000000001ee3f270 000000001fa12da0
0x000000001ee3ea28:   0000000000000012 000000001ee3ef70
0x000000001ee3ea38:   0000000069feb6d4 0000000000000000
0x000000001ee3ea48:   000000001fa12d90 000000001fa12da0
0x000000001ee3ea58:   000000001fd9dd80 0000000000000000
0x000000001ee3ea68:   00000000000000b6 0000000000000000
0x000000001ee3ea78:   00000000000000b0 0000000000000001
0x000000001ee3ea88:   0000000069feeb1f 000000001ee3eb00
0x000000001ee3ea98:   0000000000000000 000000001ff8ad3c
0x000000001ee3eaa8:   000000001ee3ef70 000000001ff8a8c0
0x000000001ee3eab8:   000000001ff8a790 000000001ff8ad3c
0x000000001ee3eac8:   0000000000000000 0000000000000000 

Instructions: (pc=0x0000000000000000)
0xffffffffffffffe0:   


Register to memory mapping:

RAX=0x000000006a2267d8 is an unknown value
RBX=0x000000001fa12da0 is an unknown value
RCX=0x000000001fa12da0 is an unknown value
RDX=0x000000001fa12da0 is an unknown value
RSP=0x000000001ee3e9d8 is pointing into the stack for thread: 0x000000001e1bd800
RBP=0x000000001ff86880 is an unknown value
RSI=0x000000001fa12d90 is an unknown value
RDI=0x000000001ee3ef70 is pointing into the stack for thread: 0x000000001e1bd800
R8 =0x000000001ee3ea00 is pointing into the stack for thread: 0x000000001e1bd800
R9 =0x000000001fa12da0 is an unknown value
R10=0x000000001e178290 is an unknown value
R11=0x000000001fa12d90 is an unknown value
R12=0x000000000000000f is an unknown value
R13=0x000000001fa12b90 is an unknown value
R14=0x0000000000000000 is an unknown value
R15=0x000000001fd9d500 is an unknown value


Stack: [0x000000001ed40000,0x000000001ee40000],  sp=0x000000001ee3e9d8,  free space=1018k
Native frames: (J=compiled Java code, j=interpreted, Vv=VM code, C=native code)


Current CompileTask:
C1:    772 1255       3       com.android.dx.dex.file.DexFile::internIfAppropriate (128 bytes)


---------------  P R O C E S S  ---------------

Java Threads: ( => current thread )
  0x000000001e4cf800 JavaThread "pool-2-thread-4" [_thread_blocked, id=12868, stack(0x000000001f440000,0x000000001f540000)]
  0x000000001e4cf000 JavaThread "pool-2-thread-3" [_thread_in_Java, id=11988, stack(0x000000001f340000,0x000000001f440000)]
  0x000000001e4cb000 JavaThread "pool-2-thread-2" [_thread_in_Java, id=7272, stack(0x000000001f240000,0x000000001f340000)]
  0x000000001e4a9800 JavaThread "pool-3-thread-1" [_thread_blocked, id=8908, stack(0x000000001f140000,0x000000001f240000)]
  0x000000001e4a9000 JavaThread "pool-2-thread-1" [_thread_in_Java, id=14324, stack(0x000000001f040000,0x000000001f140000)]
  0x000000001e20f000 JavaThread "Service Thread" daemon [_thread_blocked, id=11092, stack(0x000000001ee40000,0x000000001ef40000)]
=>0x000000001e1bd800 JavaThread "C1 CompilerThread3" daemon [_thread_in_native, id=8684, stack(0x000000001ed40000,0x000000001ee40000)]
  0x000000001e17f800 JavaThread "C2 CompilerThread2" daemon [_thread_in_native, id=6308, stack(0x000000001ec40000,0x000000001ed40000)]
  0x000000001e17a800 JavaThread "C2 CompilerThread1" daemon [_thread_in_native, id=10320, stack(0x000000001eb40000,0x000000001ec40000)]
  0x000000001e177000 JavaThread "C2 CompilerThread0" daemon [_thread_in_native, id=2344, stack(0x000000001ea40000,0x000000001eb40000)]
  0x000000001e175800 JavaThread "Attach Listener" daemon [_thread_blocked, id=9452, stack(0x000000001e940000,0x000000001ea40000)]
  0x000000001e174000 JavaThread "Signal Dispatcher" daemon [_thread_blocked, id=2360, stack(0x000000001e840000,0x000000001e940000)]
  0x000000001e170800 JavaThread "Finalizer" daemon [_thread_blocked, id=11312, stack(0x000000001e550000,0x000000001e650000)]
  0x00000000026a6000 JavaThread "Reference Handler" daemon [_thread_blocked, id=2368, stack(0x000000001e050000,0x000000001e150000)]
  0x00000000025b0800 JavaThread "main" [_thread_blocked, id=5152, stack(0x0000000002480000,0x0000000002580000)]

Other Threads:
  0x000000001c259800 VMThread [stack: 0x000000001df50000,0x000000001e050000] [id=2372]
  0x000000001e200000 WatcherThread [stack: 0x000000001ef40000,0x000000001f040000] [id=6768]

VM state:not at safepoint (normal execution)

VM Mutex/Monitor currently owned by a thread: None

Heap:
 PSYoungGen      total 71680K, used 41790K [0x000000076ab00000, 0x000000076fb00000, 0x00000007c0000000)
  eden space 61440K, 68% used [0x000000076ab00000,0x000000076d3cf9c8,0x000000076e700000)
  from space 10240K, 0% used [0x000000076f100000,0x000000076f100000,0x000000076fb00000)
  to   space 10240K, 0% used [0x000000076e700000,0x000000076e700000,0x000000076f100000)
 ParOldGen       total 163840K, used 0K [0x00000006c0000000, 0x00000006ca000000, 0x000000076ab00000)
  object space 163840K, 0% used [0x00000006c0000000,0x00000006c0000000,0x00000006ca000000)
 Metaspace       used 6004K, capacity 6898K, committed 7040K, reserved 1056768K
  class space    used 597K, capacity 618K, committed 640K, reserved 1048576K

Card table byte_map: [0x0000000011ab0000,0x00000000122c0000] byte_map_base: 0x000000000e4b0000

Marking Bits: (ParMarkBitMap*) 0x000000006a3ea6d0
 Begin Bits: [0x0000000013020000, 0x0000000017020000)
 End Bits:   [0x0000000017020000, 0x000000001b020000)

Polling page: 0x0000000002590000

CodeCache: size=245760Kb used=4754Kb max_used=4754Kb free=241005Kb
 bounds [0x00000000026f0000, 0x0000000002ba0000, 0x00000000116f0000]
 total_blobs=1516 nmethods=1248 adapters=181
 compilation: enabled

Compilation events (10 events):
Event: 0.765 Thread 0x000000001e1bd800 nmethod 1249 0x0000000002b973d0 code [0x0000000002b97520, 0x0000000002b97630]
Event: 0.765 Thread 0x000000001e1bd800 1250       1       sun.util.calendar.CalendarDate::getSeconds (5 bytes)
Event: 0.765 Thread 0x000000001e1bd800 nmethod 1250 0x0000000002b97690 code [0x0000000002b977e0, 0x0000000002b978f0]
Event: 0.765 Thread 0x000000001e1bd800 1251       1       sun.util.calendar.CalendarDate::getMillis (5 bytes)
Event: 0.765 Thread 0x000000001e1bd800 nmethod 1251 0x0000000002b97950 code [0x0000000002b97aa0, 0x0000000002b97bb0]
Event: 0.765 Thread 0x000000001e1bd800 1253       3       java.util.HashMap$HashIterator::hasNext (13 bytes)
Event: 0.765 Thread 0x000000001e1bd800 nmethod 1253 0x0000000002b97c10 code [0x0000000002b97d60, 0x0000000002b97f10]
Event: 0.765 Thread 0x000000001e1bd800 1254       3       com.android.dx.dex.file.ValueEncoder::addContents (75 bytes)
Event: 0.766 Thread 0x000000001e1bd800 nmethod 1254 0x0000000002b97f90 code [0x0000000002b98180, 0x0000000002b98da8]
Event: 0.766 Thread 0x000000001e1bd800 1255       3       com.android.dx.dex.file.DexFile::internIfAppropriate (128 bytes)

GC Heap History (0 events):
No events

Deoptimization events (7 events):
Event: 0.513 Thread 0x000000001e4cf000 Uncommon trap: reason=unstable_if action=reinterpret pc=0x000000000292a5b8 method=java.util.BitSet.ensureCapacity(I)V @ 6
Event: 0.513 Thread 0x000000001e4cf000 Uncommon trap: reason=unstable_if action=reinterpret pc=0x00000000028f4874 method=java.util.BitSet.nextSetBit(I)I @ 87
Event: 0.647 Thread 0x000000001e4cf800 Uncommon trap: reason=class_check action=maybe_recompile pc=0x00000000029dabc8 method=com.android.dx.ssa.NormalSsaInsn.accept(Lcom/android/dx/ssa/SsaInsn$Visitor;)V @ 9
Event: 0.647 Thread 0x000000001e4cf800 Uncommon trap: reason=class_check action=maybe_recompile pc=0x000000000293d1b0 method=com.android.dx.ssa.NormalSsaInsn.accept(Lcom/android/dx/ssa/SsaInsn$Visitor;)V @ 9
Event: 0.647 Thread 0x000000001e4cf800 Uncommon trap: reason=class_check action=maybe_recompile pc=0x000000000293d1b0 method=com.android.dx.ssa.NormalSsaInsn.accept(Lcom/android/dx/ssa/SsaInsn$Visitor;)V @ 9
Event: 0.647 Thread 0x000000001e4cf800 Uncommon trap: reason=class_check action=maybe_recompile pc=0x000000000293d1b0 method=com.android.dx.ssa.NormalSsaInsn.accept(Lcom/android/dx/ssa/SsaInsn$Visitor;)V @ 9
Event: 0.650 Thread 0x00000000025b0800 Uncommon trap: reason=class_check action=maybe_recompile pc=0x00000000029dabc8 method=com.android.dx.ssa.NormalSsaInsn.accept(Lcom/android/dx/ssa/SsaInsn$Visitor;)V @ 9

Internal exceptions (2 events):
Event: 0.068 Thread 0x00000000025b0800 Exception <a 'java/lang/NoSuchMethodError': Method sun.misc.Unsafe.defineClass(Ljava/lang/String;[BII)Ljava/lang/Class; name or signature does not match> (0x000000076ab07cc0) thrown at [C:\re\workspace\8-2-build-windows-amd64-cygwin\jdk8u101\7261\hotspot\s³›Xæùk±?
Event: 0.068 Thread 0x00000000025b0800 Exception <a 'java/lang/NoSuchMethodError': Method sun.misc.Unsafe.prefetchRead(Ljava/lang/Object;J)V name or signature does not match> (0x000000076ab07fa8) thrown at [C:\re\workspace\8-2-build-windows-amd64-cygwin\jdk8u101\7261\hotspot\src\share\vm\prims\

Events (10 events):
Event: 0.667 loading class com/android/dx/cf/attrib/AttDeprecated
Event: 0.667 loading class com/android/dx/cf/attrib/AttDeprecated done
Event: 0.667 loading class com/android/dx/cf/attrib/AttRuntimeVisibleAnnotations
Event: 0.667 loading class com/android/dx/cf/attrib/AttRuntimeVisibleAnnotations done
Event: 0.667 loading class com/android/dx/dex/file/FieldAnnotationStruct
Event: 0.667 loading class com/android/dx/dex/file/FieldAnnotationStruct done
Event: 0.765 loading class com/android/dx/cf/attrib/AttConstantValue
Event: 0.765 loading class com/android/dx/cf/attrib/AttConstantValue done
Event: 0.765 Thread 0x000000001e4cf000 DEOPT PACKING pc=0x0000000002aa8bef sp=0x000000001f43eb00
Event: 0.765 Thread 0x000000001e4cf000 DEOPT UNPACKING pc=0x000000000273787f sp=0x000000001f43e8f0 mode 0


Dynamic libraries:
0x00007ff6f6de0000 - 0x00007ff6f6e17000 	C:\Program Files\Java\jdk1.8.0_101\bin\java.exe
0x00007ffaac100000 - 0x00007ffaac2d1000 	C:\WINDOWS\SYSTEM32\ntdll.dll
0x00007ffaabdb0000 - 0x00007ffaabe5b000 	C:\WINDOWS\System32\KERNEL32.DLL
0x00007ffaa9340000 - 0x00007ffaa955d000 	C:\WINDOWS\System32\KERNELBASE.dll
0x00007ffaab0a0000 - 0x00007ffaab142000 	C:\WINDOWS\System32\ADVAPI32.dll
0x00007ffaab480000 - 0x00007ffaab51e000 	C:\WINDOWS\System32\msvcrt.dll
0x00007ffaac0a0000 - 0x00007ffaac0f9000 	C:\WINDOWS\System32\sechost.dll
0x00007ffaabf60000 - 0x00007ffaac081000 	C:\WINDOWS\System32\RPCRT4.dll
0x00007ffaabbb0000 - 0x00007ffaabd15000 	C:\WINDOWS\System32\USER32.dll
0x00007ffaa9610000 - 0x00007ffaa962e000 	C:\WINDOWS\System32\win32u.dll
0x00007ffaaba30000 - 0x00007ffaaba64000 	C:\WINDOWS\System32\GDI32.dll
0x00007ffaa8840000 - 0x00007ffaa89c2000 	C:\WINDOWS\System32\gdi32full.dll
0x00007ffa9f370000 - 0x00007ffa9f5e9000 	C:\WINDOWS\WinSxS\amd64_microsoft.windows.common-controls_6595b64144ccf1df_6.0.14393.0_none_2d0f50fcbdb171b8\COMCTL32.dll
0x00007ffaaadd0000 - 0x00007ffaab097000 	C:\WINDOWS\System32\combase.dll
0x00007ffaa8690000 - 0x00007ffaa8785000 	C:\WINDOWS\System32\ucrtbase.dll
0x00007ffaa90b0000 - 0x00007ffaa911a000 	C:\WINDOWS\System32\bcryptPrimitives.dll
0x00007ffaabd20000 - 0x00007ffaabd4e000 	C:\WINDOWS\System32\IMM32.DLL
0x00000000674f0000 - 0x00000000675c2000 	C:\Program Files\Java\jdk1.8.0_101\jre\bin\msvcr100.dll
0x0000000069bd0000 - 0x000000006a46a000 	C:\Program Files\Java\jdk1.8.0_101\jre\bin\server\jvm.dll
0x00007ffaac090000 - 0x00007ffaac098000 	C:\WINDOWS\System32\PSAPI.DLL
0x00007ffaa6a90000 - 0x00007ffaa6ab3000 	C:\WINDOWS\SYSTEM32\WINMM.dll
0x00007ffa8ac70000 - 0x00007ffa8ac79000 	C:\WINDOWS\SYSTEM32\WSOCK32.dll
0x00007ffaab590000 - 0x00007ffaab5fa000 	C:\WINDOWS\System32\WS2_32.dll
0x00007ffaa4680000 - 0x00007ffaa468a000 	C:\WINDOWS\SYSTEM32\VERSION.dll
0x00007ffaa6910000 - 0x00007ffaa693b000 	C:\WINDOWS\SYSTEM32\WINMMBASE.dll
0x00007ffaa92f0000 - 0x00007ffaa9332000 	C:\WINDOWS\System32\cfgmgr32.dll
0x0000000069ae0000 - 0x0000000069aef000 	C:\Program Files\Java\jdk1.8.0_101\jre\bin\verify.dll
0x0000000069ab0000 - 0x0000000069ad9000 	C:\Program Files\Java\jdk1.8.0_101\jre\bin\java.dll
0x0000000069a90000 - 0x0000000069aa6000 	C:\Program Files\Java\jdk1.8.0_101\jre\bin\zip.dll
0x00007ffaa97a0000 - 0x00007ffaaaca8000 	C:\WINDOWS\System32\SHELL32.dll
0x00007ffaa89d0000 - 0x00007ffaa90aa000 	C:\WINDOWS\System32\windows.storage.dll
0x00007ffaa8620000 - 0x00007ffaa866c000 	C:\WINDOWS\System32\powrprof.dll
0x00007ffaa9740000 - 0x00007ffaa9792000 	C:\WINDOWS\System32\shlwapi.dll
0x00007ffaa8610000 - 0x00007ffaa861f000 	C:\WINDOWS\System32\kernel.appcore.dll
0x00007ffaa9560000 - 0x00007ffaa9609000 	C:\WINDOWS\System32\shcore.dll
0x00007ffaa8670000 - 0x00007ffaa8684000 	C:\WINDOWS\System32\profapi.dll
0x00007ffa97480000 - 0x00007ffa97612000 	C:\WINDOWS\SYSTEM32\dbghelp.dll

VM Arguments:
jvm_args: -Djava.awt.headless=true -Xmx4g -Dfile.encoding=windows-1252 -Duser.country=ID -Duser.language=en -Duser.variant 
java_command: com.android.dx.command.Main --dex --force-jumbo --num-threads=4 --multi-dex --output F:\Archive\MyApplication\app\build\intermediates\transforms\dex\debug\folders\1000\10\com.google.android.gms-play-services-wallet-9.4.0_c4c191106f530fcb6706c95180eae8a8a8cce17b F:\Archive\MyApplication\app\build\intermediates\exploded-aar\com.google.android.gms\play-services-wallet\9.4.0\jars\classes.jar
java_class_path (initial): C:\Users\Brands\AppData\Local\Android\Sdk\build-tools\23.0.3\lib\dx.jar
Launcher Type: SUN_STANDARD

Environment Variables:
PATH=C:\ProgramData\Oracle\Java\javapath;C:\Program Files (x86)\Intel\iCLS Client\;C:\Program Files\Intel\iCLS Client\;C:\WINDOWS\system32;C:\WINDOWS;C:\WINDOWS\System32\Wbem;C:\WINDOWS\System32\WindowsPowerShell\v1.0\;C:\Program Files (x86)\Intel\Intel(R) Management Engine Components\DAL;C:\Program Files\Intel\Intel(R) Management Engine Components\DAL;C:\Program Files (x86)\Intel\Intel(R) Management Engine Components\IPT;C:\Program Files\Intel\Intel(R) Management Engine Components\IPT;C:\Program Files\Java\jdk1.7.0_79\bin;C:\Program Files (x86)\NVIDIA Corporation\PhysX\Common;D:\Server\xampp\php;C:\ProgramData\ComposerSetup\bin;D:\nwjs-sdk-v0.16.0-win-x64;C:\Users\Brands\AppData\Local\Microsoft\WindowsApps;C:\Users\Brands\AppData\Roaming\Composer\vendor\bin
USERNAME=Brands
OS=Windows_NT
PROCESSOR_IDENTIFIER=Intel64 Family 6 Model 94 Stepping 3, GenuineIntel



---------------  S Y S T E M  ---------------

OS: Windows 10.0 , 64 bit Build 14393 (10.0.14393.0)

CPU:total 8 (4 cores per cpu, 2 threads per core) family 6 model 94 stepping 3, cmov, cx8, fxsr, mmx, sse, sse2, sse3, ssse3, sse4.1, sse4.2, popcnt, avx, avx2, aes, clmul, erms, rtm, 3dnowpref, lzcnt, ht, tsc, tscinvbit, bmi1, bmi2, adx

Memory: 4k page, physical 15674924k(6315300k free), swap 25112108k(12112488k free)

vm_info: Java HotSpot(TM) 64-Bit Server VM (25.101-b13) for windows-amd64 JRE (1.8.0_101-b13), built on Jun 22 2016 01:21:29 by "java_re" with MS VC++ 10.0 (VS2010)

time: Sat Sep 10 19:27:43 2016
elapsed time: 0 seconds (0d 0h 0m 0s)

